0 info it worked if it ends with ok
1 verbose cli [ 'C:\\Program Files\\nodejs\\node.exe',
1 verbose cli   'C:\\Users\\KS-PC\\AppData\\Roaming\\npm\\node_modules\\npm\\bin\\npm-cli.js',
1 verbose cli   'start' ]
2 info using npm@4.0.5
3 info using node@v6.7.0
4 verbose run-script [ 'prestart', 'start', 'poststart' ]
5 info lifecycle poc@1.0.0~prestart: poc@1.0.0
6 silly lifecycle poc@1.0.0~prestart: no script for prestart, continuing
7 info lifecycle poc@1.0.0~start: poc@1.0.0
8 verbose lifecycle poc@1.0.0~start: unsafe-perm in lifecycle true
9 verbose lifecycle poc@1.0.0~start: PATH: C:\Users\KS-PC\AppData\Roaming\npm\node_modules\npm\bin\node-gyp-bin;D:\Angular\poc\node_modules\.bin;C:\Program Files (x86)\nodejs ;C:\Program Files\nodejs\;C:\Program Files\Microsoft SQL Server\120\Tools\Binn\;c:\Program Files\Microsoft SQL Server\120\DTS\Binn\;c:\Program Files\Microsoft SQL Server\Client SDK\ODBC\110\Tools\Binn\;c:\Program Files (x86)\Microsoft SQL Server\120\Tools\Binn\ManagementStudio\;c:\Program Files (x86)\Microsoft SQL Server\120\Tools\Binn\;c:\Program Files (x86)\Microsoft SQL Server\120\DTS\Binn\;C:\Program Files (x86)\Skype\Phone\;C:\Program Files\MySQL\MySQL Utilities 1.6\;C:\Program Files (x86)\MATLAB\R2014b\runtime\win32;C:\Program Files (x86)\MATLAB\R2014b\bin;C:\Program Files (x86)\MATLAB\R2014b\polyspace\bin;C:\Program Files\Git\cmd;C:\WINDOWS\system32;C:\WINDOWS;C:\WINDOWS\System32\Wbem;C:\WINDOWS\System32\WindowsPowerShell\v1.0\;C:\Program Files\MongoDB\Server\3.2\bin;C:\Users\KS-PC\AppData\Roaming\npm;C:\Users\KS-PC\AppData\Roaming\npm\node_modules\npm;%USERPROFILE%\AppData\Local\Microsoft\WindowsApps;
10 verbose lifecycle poc@1.0.0~start: CWD: D:\Angular\poc
11 silly lifecycle poc@1.0.0~start: Args: [ '/d /s /c', 'node server.js' ]
12 verbose stack Error: kill ENOSYS
12 verbose stack     at exports._errnoException (util.js:1036:11)
12 verbose stack     at process.kill (internal/process.js:172:13)
12 verbose stack     at process.listener (C:\Users\KS-PC\AppData\Roaming\npm\node_modules\npm\node_modules\npmlog\node_modules\gauge\node_modules\signal-exit\index.js:86:15)
12 verbose stack     at emitNone (events.js:91:20)
12 verbose stack     at process.emit (events.js:185:7)
12 verbose stack     at processEmit (C:\Users\KS-PC\AppData\Roaming\npm\node_modules\npm\node_modules\npmlog\node_modules\gauge\node_modules\signal-exit\index.js:146:32)
12 verbose stack     at processEmit (C:\Users\KS-PC\AppData\Roaming\npm\node_modules\npm\node_modules\npm-registry-client\node_modules\npmlog\node_modules\gauge\node_modules\signal-exit\index.js:146:32)
12 verbose stack     at Signal.wrap.onsignal (internal/process.js:199:44)
13 verbose cwd D:\Angular\poc
14 error Windows_NT 10.0.15063
15 error argv "C:\\Program Files\\nodejs\\node.exe" "C:\\Users\\KS-PC\\AppData\\Roaming\\npm\\node_modules\\npm\\bin\\npm-cli.js" "start"
16 error node v6.7.0
17 error npm  v4.0.5
18 error code ENOSYS
19 error errno ENOSYS
20 error syscall kill
21 error kill ENOSYS
22 error If you need help, you may report this error at:
22 error     <https://github.com/npm/npm/issues>
23 verbose exit [ 1, true ]
